2015-08-05 16:32:31,380 [Worker-77] INFO  o.e.m.c.i.l.LifecycleMappingFactory - Using org.eclipse.m2e.jdt.JarLifecycleMapping lifecycle mapping for MavenProject: installchef:installChef:0.0.1-SNAPSHOT @ /home/aegbuna/Development/java_apps/pom.xml.
2015-08-05 16:48:58,384 [Worker-0] INFO  o.e.m.c.i.l.LifecycleMappingFactory - Using org.eclipse.m2e.jdt.JarLifecycleMapping lifecycle mapping for MavenProject: dlib:dlibChef:0.0.1-SNAPSHOT @ /home/aegbuna/Downloads/Development/pom.xml.
2015-08-05 16:48:59,819 [Worker-0] INFO  o.e.m.j.i.AbstractJavaProjectConfigurator - Adding source folder /dlibChef/src/main/java
2015-08-05 16:48:59,821 [Worker-0] INFO  o.e.m.j.i.AbstractJavaProjectConfigurator - Adding resource folder /dlibChef/src/main/resources
2015-08-05 16:48:59,821 [Worker-0] INFO  o.e.m.j.i.AbstractJavaProjectConfigurator - Adding source folder /dlibChef/src/test/java
2015-08-05 16:48:59,821 [Worker-0] INFO  o.e.m.j.i.AbstractJavaProjectConfigurator - Adding resource folder /dlibChef/src/test/resources
2015-08-05 16:49:00,985 [Worker-7] WARN  o.e.m.c.i.embedder.EclipseLogger - Using platform encoding (UTF-8 actually) to copy filtered resources, i.e. build is platform dependent!
2015-08-05 16:49:00,996 [Worker-7] INFO  o.e.m.c.i.embedder.EclipseLogger - Copying 0 resource
2015-08-05 16:49:00,999 [Worker-7] WARN  o.e.m.c.i.embedder.EclipseLogger - Using platform encoding (UTF-8 actually) to copy filtered resources, i.e. build is platform dependent!
2015-08-05 16:49:01,000 [Worker-7] INFO  o.e.m.c.i.embedder.EclipseLogger - Copying 0 resource
2015-08-05 17:07:00,859 [Worker-7] WARN  o.e.m.c.i.embedder.EclipseLogger - Using platform encoding (UTF-8 actually) to copy filtered resources, i.e. build is platform dependent!
2015-08-05 17:07:00,862 [Worker-7] INFO  o.e.m.c.i.embedder.EclipseLogger - Copying 3 resources
2015-08-05 17:07:00,871 [Worker-7] WARN  o.e.m.c.i.embedder.EclipseLogger - Using platform encoding (UTF-8 actually) to copy filtered resources, i.e. build is platform dependent!
2015-08-05 17:07:00,872 [Worker-7] INFO  o.e.m.c.i.embedder.EclipseLogger - skip non existing resourceDirectory /home/aegbuna/Downloads/Development/src/test/resources
2015-08-05 17:09:34,560 [Worker-22] WARN  o.e.m.c.i.embedder.EclipseLogger - Using platform encoding (UTF-8 actually) to copy filtered resources, i.e. build is platform dependent!
2015-08-05 17:09:34,561 [Worker-22] INFO  o.e.m.c.i.embedder.EclipseLogger - Copying 0 resource
2015-08-05 17:09:34,564 [Worker-22] WARN  o.e.m.c.i.embedder.EclipseLogger - Using platform encoding (UTF-8 actually) to copy filtered resources, i.e. build is platform dependent!
2015-08-05 17:09:34,564 [Worker-22] INFO  o.e.m.c.i.embedder.EclipseLogger - skip non existing resourceDirectory /home/aegbuna/Downloads/Development/src/test/resources
2015-08-05 17:18:22,574 [Worker-24] WARN  o.e.m.c.i.embedder.EclipseLogger - Using platform encoding (UTF-8 actually) to copy filtered resources, i.e. build is platform dependent!
2015-08-05 17:18:22,574 [Worker-24] INFO  o.e.m.c.i.embedder.EclipseLogger - Copying 0 resource
2015-08-05 17:18:22,576 [Worker-24] WARN  o.e.m.c.i.embedder.EclipseLogger - Using platform encoding (UTF-8 actually) to copy filtered resources, i.e. build is platform dependent!
2015-08-05 17:18:22,576 [Worker-24] INFO  o.e.m.c.i.embedder.EclipseLogger - skip non existing resourceDirectory /home/aegbuna/Downloads/Development/src/test/resources
2015-08-05 17:27:27,932 [Worker-24] WARN  o.e.m.c.i.embedder.EclipseLogger - Using platform encoding (UTF-8 actually) to copy filtered resources, i.e. build is platform dependent!
2015-08-05 17:27:27,933 [Worker-24] INFO  o.e.m.c.i.embedder.EclipseLogger - Copying 0 resource
2015-08-05 17:27:27,936 [Worker-24] WARN  o.e.m.c.i.embedder.EclipseLogger - Using platform encoding (UTF-8 actually) to copy filtered resources, i.e. build is platform dependent!
2015-08-05 17:27:27,936 [Worker-24] INFO  o.e.m.c.i.embedder.EclipseLogger - skip non existing resourceDirectory /home/aegbuna/Downloads/Development/src/test/resources
2015-08-05 17:32:15,551 [Worker-28] WARN  o.e.m.c.i.embedder.EclipseLogger - Using platform encoding (UTF-8 actually) to copy filtered resources, i.e. build is platform dependent!
2015-08-05 17:32:15,551 [Worker-28] INFO  o.e.m.c.i.embedder.EclipseLogger - Copying 0 resource
2015-08-05 17:32:15,553 [Worker-28] WARN  o.e.m.c.i.embedder.EclipseLogger - Using platform encoding (UTF-8 actually) to copy filtered resources, i.e. build is platform dependent!
2015-08-05 17:32:15,553 [Worker-28] INFO  o.e.m.c.i.embedder.EclipseLogger - skip non existing resourceDirectory /home/aegbuna/Downloads/Development/src/test/resources
2015-08-05 17:33:16,376 [Worker-7] WARN  o.e.m.c.i.embedder.EclipseLogger - Using platform encoding (UTF-8 actually) to copy filtered resources, i.e. build is platform dependent!
2015-08-05 17:33:16,377 [Worker-7] INFO  o.e.m.c.i.embedder.EclipseLogger - Copying 0 resource
2015-08-05 17:33:16,379 [Worker-7] WARN  o.e.m.c.i.embedder.EclipseLogger - Using platform encoding (UTF-8 actually) to copy filtered resources, i.e. build is platform dependent!
2015-08-05 17:33:16,379 [Worker-7] INFO  o.e.m.c.i.embedder.EclipseLogger - skip non existing resourceDirectory /home/aegbuna/Downloads/Development/src/test/resources
2015-08-05 17:34:48,171 [Worker-25] WARN  o.e.m.c.i.embedder.EclipseLogger - Using platform encoding (UTF-8 actually) to copy filtered resources, i.e. build is platform dependent!
2015-08-05 17:34:48,172 [Worker-25] INFO  o.e.m.c.i.embedder.EclipseLogger - Copying 0 resource
2015-08-05 17:34:48,173 [Worker-25] WARN  o.e.m.c.i.embedder.EclipseLogger - Using platform encoding (UTF-8 actually) to copy filtered resources, i.e. build is platform dependent!
2015-08-05 17:34:48,174 [Worker-25] INFO  o.e.m.c.i.embedder.EclipseLogger - skip non existing resourceDirectory /home/aegbuna/Downloads/Development/src/test/resources
2015-08-05 17:35:42,187 [Worker-7] WARN  o.e.m.c.i.embedder.EclipseLogger - Using platform encoding (UTF-8 actually) to copy filtered resources, i.e. build is platform dependent!
2015-08-05 17:35:42,188 [Worker-7] INFO  o.e.m.c.i.embedder.EclipseLogger - Copying 0 resource
2015-08-05 17:35:42,191 [Worker-7] WARN  o.e.m.c.i.embedder.EclipseLogger - Using platform encoding (UTF-8 actually) to copy filtered resources, i.e. build is platform dependent!
2015-08-05 17:35:42,191 [Worker-7] INFO  o.e.m.c.i.embedder.EclipseLogger - skip non existing resourceDirectory /home/aegbuna/Downloads/Development/src/test/resources
2015-08-05 17:38:35,931 [Worker-24] WARN  o.e.m.c.i.embedder.EclipseLogger - Using platform encoding (UTF-8 actually) to copy filtered resources, i.e. build is platform dependent!
2015-08-05 17:38:35,932 [Worker-24] INFO  o.e.m.c.i.embedder.EclipseLogger - Copying 0 resource
2015-08-05 17:38:35,937 [Worker-24] WARN  o.e.m.c.i.embedder.EclipseLogger - Using platform encoding (UTF-8 actually) to copy filtered resources, i.e. build is platform dependent!
2015-08-05 17:38:35,937 [Worker-24] INFO  o.e.m.c.i.embedder.EclipseLogger - skip non existing resourceDirectory /home/aegbuna/Downloads/Development/src/test/resources
2015-08-05 17:41:44,975 [Worker-29] WARN  o.e.m.c.i.embedder.EclipseLogger - Using platform encoding (UTF-8 actually) to copy filtered resources, i.e. build is platform dependent!
2015-08-05 17:41:44,976 [Worker-29] INFO  o.e.m.c.i.embedder.EclipseLogger - Copying 0 resource
2015-08-05 17:41:44,977 [Worker-29] WARN  o.e.m.c.i.embedder.EclipseLogger - Using platform encoding (UTF-8 actually) to copy filtered resources, i.e. build is platform dependent!
2015-08-05 17:41:44,977 [Worker-29] INFO  o.e.m.c.i.embedder.EclipseLogger - skip non existing resourceDirectory /home/aegbuna/Downloads/Development/src/test/resources
2015-08-05 17:44:27,785 [Worker-24] WARN  o.e.m.c.i.embedder.EclipseLogger - Using platform encoding (UTF-8 actually) to copy filtered resources, i.e. build is platform dependent!
2015-08-05 17:44:27,786 [Worker-24] INFO  o.e.m.c.i.embedder.EclipseLogger - Copying 0 resource
2015-08-05 17:44:27,787 [Worker-24] WARN  o.e.m.c.i.embedder.EclipseLogger - Using platform encoding (UTF-8 actually) to copy filtered resources, i.e. build is platform dependent!
2015-08-05 17:44:27,788 [Worker-24] INFO  o.e.m.c.i.embedder.EclipseLogger - skip non existing resourceDirectory /home/aegbuna/Downloads/Development/src/test/resources
2015-08-05 17:45:13,792 [Worker-29] WARN  o.e.m.c.i.embedder.EclipseLogger - Using platform encoding (UTF-8 actually) to copy filtered resources, i.e. build is platform dependent!
2015-08-05 17:45:13,793 [Worker-29] INFO  o.e.m.c.i.embedder.EclipseLogger - Copying 0 resource
2015-08-05 17:45:13,795 [Worker-29] WARN  o.e.m.c.i.embedder.EclipseLogger - Using platform encoding (UTF-8 actually) to copy filtered resources, i.e. build is platform dependent!
2015-08-05 17:45:13,795 [Worker-29] INFO  o.e.m.c.i.embedder.EclipseLogger - skip non existing resourceDirectory /home/aegbuna/Downloads/Development/src/test/resources
2015-08-05 17:47:12,402 [Worker-29] WARN  o.e.m.c.i.embedder.EclipseLogger - Using platform encoding (UTF-8 actually) to copy filtered resources, i.e. build is platform dependent!
2015-08-05 17:47:12,403 [Worker-29] INFO  o.e.m.c.i.embedder.EclipseLogger - Copying 0 resource
2015-08-05 17:47:12,405 [Worker-29] WARN  o.e.m.c.i.embedder.EclipseLogger - Using platform encoding (UTF-8 actually) to copy filtered resources, i.e. build is platform dependent!
2015-08-05 17:47:12,406 [Worker-29] INFO  o.e.m.c.i.embedder.EclipseLogger - skip non existing resourceDirectory /home/aegbuna/Downloads/Development/src/test/resources
2015-08-05 17:51:12,325 [Worker-31] WARN  o.e.m.c.i.embedder.EclipseLogger - Using platform encoding (UTF-8 actually) to copy filtered resources, i.e. build is platform dependent!
2015-08-05 17:51:12,325 [Worker-31] INFO  o.e.m.c.i.embedder.EclipseLogger - Copying 0 resource
2015-08-05 17:51:12,327 [Worker-31] WARN  o.e.m.c.i.embedder.EclipseLogger - Using platform encoding (UTF-8 actually) to copy filtered resources, i.e. build is platform dependent!
2015-08-05 17:51:12,327 [Worker-31] INFO  o.e.m.c.i.embedder.EclipseLogger - skip non existing resourceDirectory /home/aegbuna/Downloads/Development/src/test/resources
2015-08-05 18:07:58,194 [main] INFO  o.e.m2e.actions.ExecutePomAction - Creating new launch configuration
2015-08-05 18:20:56,842 [Worker-33] WARN  o.e.m.c.i.embedder.EclipseLogger - Using platform encoding (UTF-8 actually) to copy filtered resources, i.e. build is platform dependent!
2015-08-05 18:20:56,843 [Worker-33] INFO  o.e.m.c.i.embedder.EclipseLogger - Copying 0 resource
2015-08-05 18:20:56,845 [Worker-33] WARN  o.e.m.c.i.embedder.EclipseLogger - Using platform encoding (UTF-8 actually) to copy filtered resources, i.e. build is platform dependent!
2015-08-05 18:20:56,845 [Worker-33] INFO  o.e.m.c.i.embedder.EclipseLogger - skip non existing resourceDirectory /home/aegbuna/Downloads/Development/src/test/resources
2015-08-13 10:05:48,086 [Worker-2] INFO  o.e.m.c.i.l.LifecycleMappingFactory - Using org.eclipse.m2e.jdt.JarLifecycleMapping lifecycle mapping for MavenProject: dlib:dlibChef:0.0.1-SNAPSHOT @ /home/aegbuna/Downloads/Development/pom.xml.
2015-08-13 10:05:48,578 [Worker-2] WARN  o.e.m.c.i.embedder.EclipseLogger - Using platform encoding (UTF-8 actually) to copy filtered resources, i.e. build is platform dependent!
2015-08-13 10:05:48,603 [Worker-2] INFO  o.e.m.c.i.embedder.EclipseLogger - Copying 3 resources
2015-08-13 10:05:48,617 [Worker-2] WARN  o.e.m.c.i.embedder.EclipseLogger - Using platform encoding (UTF-8 actually) to copy filtered resources, i.e. build is platform dependent!
2015-08-13 10:05:48,618 [Worker-2] INFO  o.e.m.c.i.embedder.EclipseLogger - skip non existing resourceDirectory /home/aegbuna/Downloads/Development/src/test/resources
2015-08-13 10:05:50,046 [Worker-4] INFO  o.e.m.c.i.l.LifecycleMappingFactory - Using org.eclipse.m2e.jdt.JarLifecycleMapping lifecycle mapping for MavenProject: dlib:dlibChef:0.0.1-SNAPSHOT @ /home/aegbuna/Downloads/Development/pom.xml.
2015-08-13 10:05:50,693 [Worker-16] WARN  o.e.m.c.i.embedder.EclipseLogger - Using platform encoding (UTF-8 actually) to copy filtered resources, i.e. build is platform dependent!
2015-08-13 10:05:50,696 [Worker-16] INFO  o.e.m.c.i.embedder.EclipseLogger - Copying 0 resource
2015-08-13 10:05:50,700 [Worker-16] WARN  o.e.m.c.i.embedder.EclipseLogger - Using platform encoding (UTF-8 actually) to copy filtered resources, i.e. build is platform dependent!
2015-08-13 10:05:50,700 [Worker-16] INFO  o.e.m.c.i.embedder.EclipseLogger - skip non existing resourceDirectory /home/aegbuna/Downloads/Development/src/test/resources
